productname                              unitprice             
---------------------------------------- --------------------- 
Chai                                     18.0000
Chang                                    19.0000
Aniseed Syrup                            10.0000
Chef Anton's Cajun Seasoning             22.0000
Chef Anton's Gumbo Mix                   21.3500
Grandma's Boysenberry Spread             25.0000
Uncle Bob's Organic Dried Pears          30.0000
Northwoods Cranberry Sauce               40.0000
Mishi Kobe Niku                          97.0000
Ikura                                    31.0000
Queso Cabrales                           21.0000
Queso Manchego La Pastora                38.0000
Konbu                                    6.0000
Tofu                                     23.2500
Genen Shouyu                             15.5000
Pavlova                                  17.4500
Alice Mutton                             39.0000
Carnarvon Tigers                         62.5000
Teatime Chocolate Biscuits               9.2000
Sir Rodney's Marmalade                   81.0000
Sir Rodney's Scones                      10.0000
Gustaf's Knäckebröd                      21.0000
Tunnbröd                                 9.0000
Guaraná Fantástica                       4.5000
NuNuCa Nuß-Nougat-Creme                  14.0000
Gumbär Gummibärchen                      31.2300
Schoggi Schokolade                       43.9000
Rössle Sauerkraut                        45.6000
Thüringer Rostbratwurst                  123.7900
Nord-Ost Matjeshering                    25.8900
Gorgonzola Telino                        12.5000
Mascarpone Fabioli                       32.0000
Geitost                                  2.5000
Sasquatch Ale                            14.0000
Steeleye Stout                           18.0000
Inlagd Sill                              19.0000
Gravad lax                               26.0000
Côte de Blaye                            263.5000
Chartreuse verte                         18.0000
Boston Crab Meat                         18.4000
Jack's New England Clam Chowder          9.6500
Singaporean Hokkien Fried Mee            14.0000
Ipoh Coffee                              46.0000
Gula Malacca                             19.4500
Rogede sild                              9.5000
Spegesild                                12.0000
Zaanse koeken                            9.5000
Chocolade                                12.7500
Maxilaku                                 20.0000
Valkoinen suklaa                         16.2500
Manjimup Dried Apples                    53.0000
Filo Mix                                 7.0000
Perth Pasties                            32.8000
Tourtière                                7.4500
Pâté chinois                             24.0000
Gnocchi di nonna Alice                   38.0000
Ravioli Angelo                           19.5000
Escargots de Bourgogne                   13.2500
Raclette Courdavault                     55.0000
Camembert Pierrot                        34.0000
Sirop d'érable                           28.5000
Tarte au sucre                           49.3000
Vegie-spread                             43.9000
Wimmers gute Semmelknödel                33.2500
Louisiana Fiery Hot Pepper Sauce         21.0500
Louisiana Hot Spiced Okra                17.0000
Laughing Lumberjack Lager                14.0000
Scottish Longbreads                      12.5000
Gudbrandsdalsost                         36.0000
Outback Lager                            15.0000
Flotemysost                              21.5000
Mozzarella di Giovanni                   34.8000
Röd Kaviar                               15.0000
Longlife Tofu                            10.0000
Rhönbräu Klosterbier                     7.7500
Lakkalikööri                             18.0000
Original Frankfurter grüne Soße          13.0000

(77 row(s) affected)

