The file fed1.txt had the following words:

the              129
of               105
to                71
and               40
be                34
that              28
in                26
will              25
a                 25
it                20
which             18
this              14
not               14
i                 14
by                14
their             13
is                12
for               12
are               12
than              11
may               11
from              11
an                11
your              10
its               10
have              10
as                10
those              9
on                 9
government         9
all                9
who                8
we                 8
my                 8
men                8
at                 8
you                7
union              7
shall              7
more               7
constitution       7
with               6
upon               6
they               6
state              6
people             6
or                 6
new                6
has                6
good               6
any                6
truth              5
many               5
liberty            5
appearance         5
subject            4
own                4
one                4
if                 4
zeal               3
well               3
under              3
too                3
these              3
spirit             3
so                 3
right              3
principles         3
political          3
our                3
other              3
opposition         3
nothing            3
no                 3
must               3
much               3
made               3
least              3
interest           3
however            3
great              3
general            3
every              3
equally            3
discussion         3
certain            3
can                3
been               3
ambition           3
am                 3
wrong              2
would              2
whether            2
welfare            2
views              2
view               2
utility            2
us                 2
true               2
there              2
themselves         2
them               2
states             2
side               2
security           2
rights             2
reflection         2
question           2
public             2
proposed           2
power              2
passions           2
parties            2
oppose             2
open               2
offered            2
observations       2
number             2
necessity          2
motives            2
most               2
moderation         2
might              2
led                2
judgment           2
jealousy           2
into               2
interests          2
interesting        2
intentions         2
inducements        2
hope               2
head               2
hand               2
give               2
former             2
forgotten          2
feel               2
even               2
empire             2
either             2
efficiency         2
doubt              2
decision           2
course             2
country            2
confederacies      2
conduct            2
class              2
choice             2
but                2
arguments          2
apt                2
already            2
after              2
adoption           2
address            2
york               1
yet                1
yes                1
world              1
wished             1
wise               1
whole              1
whispered          1
when               1
whatever           1
were               1
well-informed      1
votaries           1
vigor              1
variety            1
utmost             1
usual              1
use                1
upright            1
unperplexed        1
united             1
unfriendly         1
unequivocal        1
unbiased           1
tyrants            1
torrent            1
times              1
time               1
till               1
thought            1
thirteen           1
thing              1
therefore          1
temper             1
teach              1
take               1
system             1
sword              1
suspicion          1
sure               1
support            1
superfluous        1
sufficient         1
such               1
subsisting         1
subdivision        1
stigmatized        1
stale              1
spring             1
specious           1
species            1
speaks             1
sources            1
source             1
sound              1
solicitude         1
society            1
societies          1
situations         1
should             1
several            1
set                1
serve              1
seriously          1
series             1
separated          1
separate           1
sentiments         1
seems              1
seem               1
see                1
scope              1
satisfactory       1
same               1
safety             1
safest             1
road               1
result             1
respects           1
respectable        1
respect            1
resort             1
resolve            1
resist             1
reserves           1
reserved           1
republics          1
republican         1
represented        1
remarked           1
remark             1
remain             1
religion           1
regarded           1
reasons            1
reason             1
really             1
readily            1
rarely             1
questions          1
quarter            1
putting            1
purer              1
prove              1
prosperity         1
prospects          1
proselytes         1
propriety          1
propose            1
property           1
propagated         1
progress           1
professions        1
proceed            1
probable           1
probability        1
private            1
pretense           1
preserve           1
preservation       1
present            1
prejudices         1
preconceived       1
preceding          1
powerful           1
portions           1
popularity         1
politics           1
point              1
plan               1
philanthropy       1
perverted          1
persuaded          1
personal           1
persecution        1
perhaps            1
paying             1
patriotism         1
party              1
parts              1
particulars        1
particular         1
partial            1
part               1
papers             1
overturned         1
over-scrupulous    1
opposite           1
opinions           1
opinion            1
operate            1
often              1
offspring          1
offices            1
offer              1
occasions          1
obvious            1
obstacles          1
obsequious         1
oblige             1
objects            1
objections         1
object             1
numerous           1
noble              1
next               1
never              1
nature             1
national           1
narrow             1
mutually           1
multiply           1
moment             1
misfortune         1
minds              1
merits             1
merely             1
mere               1
matter             1
mask               1
mankind            1
malignant          1
making             1
make               1
magnitude          1
lurks              1
love               1
loudness           1
loose              1
local              1
little             1
liberties          1
let                1
lesson             1
less               1
lay                1
laudable           1
latter             1
lastly             1
justness           1
just               1
judicious          1
judged             1
judge              1
jealousies         1
involve            1
invectives         1
introduction       1
intolerant         1
interested         1
insufficiency      1
institutions       1
innovates          1
influenced         1
influence          1
infected           1
inefficiency       1
indiscriminately    1
indications        1
indeed             1
increase           1
impressions        1
important          1
importance         1
imagined           1
illiberal          1
ill-judged         1
idea               1
hostile            1
honest             1
hold               1
history            1
heresies           1
hereafter          1
heighten           1
hearts             1
heart              1
hear               1
hazard             1
having             1
happy              1
happiness          1
happen             1
hamilton           1
had                1
guard              1
greatest           1
gradually          1
given              1
further            1
furnish            1
frequently         1
freely             1
frankly            1
founded            1
found              1
formidable         1
forever            1
foreign            1
force              1
forbidden          1
fond               1
following          1
flatter            1
first              1
firmness           1
fire               1
fellow-citizens    1
federal            1
fears              1
favorable          1
fault              1
fate               1
false              1
fairer             1
fact               1
eye                1
extent             1
exposed            1
experience         1
expense            1
expected           1
existence          1
example            1
examining          1
evince             1
evils              1
evident            1
evidence           1
ever               1
event              1
estimate           1
establishments     1
establishing       1
essential          1
errors             1
era                1
enthusiasm         1
enough             1
enlightened        1
enlarged           1
engraved           1
energy             1
energetic          1
ending             1
endeavor           1
encounter          1
emolument          1
elevation          1
election           1
dwell              1
duly               1
drawn              1
doubted            1
doctrine           1
do                 1
distrust           1
distinguished      1
distinct           1
dissolution        1
dismemberment      1
disingenuous       1
disgrace           1
disdains           1
discuss            1
discovery          1
directed           1
diminution         1
dignity            1
destined           1
despotism          1
despotic           1
design             1
deserve            1
depository         1
depend             1
demagogues         1
deliberations      1
deliberation       1
deliberate         1
deeply             1
declamations       1
decided            1
decide             1
dangers            1
dangerous          1
danger             1
cured              1
crisis             1
court              1
countrymen         1
countenance        1
could              1
convinced          1
convictions        1
converts           1
controversy        1
contemplation      1
constitutions      1
constitute         1
considered         1
considerations     1
consideration      1
considerate        1
consequences       1
consequence        1
consciousness      1
connected          1
confusions         1
conformity         1
confederation      1
concomitant        1
conclude           1
comprehending      1
composed           1
commonly           1
commencing         1
collected          1
clearly            1
claim              1
circumstance       1
circles            1
characterized      1
changes            1
caution            1
causes             1
cause              1
cases              1
career             1
capable            1
cannot             1
candor             1
called             1
breast             1
body               1
blameless          1
bitterness         1
bias               1
being              1
behind             1
begun              1
begin              1
before             1
because            1
bait               1
aware              1
avowal             1
avarice            1
author             1
attentive          1
attention          1
attended           1
attempts           1
attainment         1
astray             1
artifice           1
arrived            1
ardently           1
antagonists        1
answer             1
another            1
animosity          1
angry              1
analogy            1
amuse              1
among              1
america            1
ambitious          1
ambiguity          1
always             1
alternative        1
allowed            1
alexander          1
aim                1
aggrandize         1
against            1
afford             1
affects            1
affect             1
advocate           1
adversaries        1
advantages         1
adopt              1
admit              1
additional         1
add                1
actuated           1
act                1
acknowledge        1
accordingly        1
accident           1
absurd             1
able               1

